0 info it worked if it ends with ok
1 verbose cli [ '/usr/local/bin/node',
1 verbose cli   '/usr/local/bin/npm',
1 verbose cli   'install',
1 verbose cli   '-g',
1 verbose cli   'cordova@3.9.2' ]
2 info using npm@3.10.6
3 info using node@v5.7.0
4 silly loadCurrentTree Starting
5 silly install loadCurrentTree
6 silly install readGlobalPackageData
7 silly fetchPackageMetaData cordova@3.9.2
8 silly fetchNamedPackageData cordova
9 silly mapToRegistry name cordova
10 silly mapToRegistry using default registry
11 silly mapToRegistry registry https://registry.npmjs.org/
12 silly mapToRegistry data Result {
12 silly mapToRegistry   raw: 'cordova',
12 silly mapToRegistry   scope: null,
12 silly mapToRegistry   escapedName: 'cordova',
12 silly mapToRegistry   name: 'cordova',
12 silly mapToRegistry   rawSpec: '',
12 silly mapToRegistry   spec: 'latest',
12 silly mapToRegistry   type: 'tag' }
13 silly mapToRegistry uri https://registry.npmjs.org/cordova
14 verbose request uri https://registry.npmjs.org/cordova
15 verbose request no auth needed
16 info attempt registry request try #1 at 5:01:47 PM
17 verbose request id 31254c4bdef1373f
18 verbose etag "5BWEESPDQ6UT5IHNMEEWAHFA8"
19 http request GET https://registry.npmjs.org/cordova
20 http 200 https://registry.npmjs.org/cordova
21 verbose headers { server: 'CouchDB/1.5.0 (Erlang OTP/R16B03)',
21 verbose headers   etag: '"EQ57K75L060U0GK14JZPXVS61"',
21 verbose headers   'content-type': 'application/json',
21 verbose headers   'content-encoding': 'gzip',
21 verbose headers   'cache-control': 'max-age=300',
21 verbose headers   'content-length': '52875',
21 verbose headers   'accept-ranges': 'bytes',
21 verbose headers   date: 'Tue, 13 Sep 2016 11:31:48 GMT',
21 verbose headers   via: '1.1 varnish',
21 verbose headers   age: '299',
21 verbose headers   connection: 'keep-alive',
21 verbose headers   'x-served-by': 'cache-sin6927-SIN',
21 verbose headers   'x-cache': 'HIT',
21 verbose headers   'x-cache-hits': '5',
21 verbose headers   'x-timer': 'S1473766308.729461,VS0,VE0',
21 verbose headers   vary: 'Accept-Encoding' }
22 silly get cb [ 200,
22 silly get   { server: 'CouchDB/1.5.0 (Erlang OTP/R16B03)',
22 silly get     etag: '"EQ57K75L060U0GK14JZPXVS61"',
22 silly get     'content-type': 'application/json',
22 silly get     'content-encoding': 'gzip',
22 silly get     'cache-control': 'max-age=300',
22 silly get     'content-length': '52875',
22 silly get     'accept-ranges': 'bytes',
22 silly get     date: 'Tue, 13 Sep 2016 11:31:48 GMT',
22 silly get     via: '1.1 varnish',
22 silly get     age: '299',
22 silly get     connection: 'keep-alive',
22 silly get     'x-served-by': 'cache-sin6927-SIN',
22 silly get     'x-cache': 'HIT',
22 silly get     'x-cache-hits': '5',
22 silly get     'x-timer': 'S1473766308.729461,VS0,VE0',
22 silly get     vary: 'Accept-Encoding' } ]
23 verbose get saving cordova to /Users/iRoan/.npm/registry.npmjs.org/cordova/.cache.json
24 verbose correctMkdir /Users/iRoan/.npm correctMkdir not in flight; initializing
25 silly fetchPackageMetaData Error: No compatible version found: cordova@3.9.2
25 silly fetchPackageMetaData Valid install targets:
25 silly fetchPackageMetaData 6.4.0-nightly.2016.9.13.ddd828f4, 6.4.0-nightly.2016.9.12.ddd828f4, 6.4.0-nightly.2016.9.11.ddd828f4, 6.4.0-nightly.2016.9.10.ddd828f4, 6.4.0-nightly.2016.9.7.ddd828f4, 6.4.0-nightly.2016.9.5.ddd828f4, 6.4.0-nightly.2016.9.4.ddd828f4, 6.4.0-nightly.2016.9.3.ddd828f4, 6.4.0-nightly.2016.9.2.4935f1a5, 6.4.0-nightly.2016.9.1.4935f1a5, 6.4.0-nightly.2016.8.31.4935f1a5, 6.4.0-nightly.2016.8.30.4935f1a5, 6.4.0-nightly.2016.8.29.4935f1a5, 6.4.0-nightly.2016.8.28.4935f1a5, 6.4.0-nightly.2016.8.27.4935f1a5, 6.4.0-nightly.2016.8.26.4935f1a5, 6.4.0-nightly.2016.8.25.4935f1a5, 6.4.0-nightly.2016.8.24.4935f1a5, 6.4.0-nightly.2016.8.23.4935f1a5, 6.4.0-nightly.2016.8.22.258eb28f, 6.4.0-nightly.2016.8.21.258eb28f, 6.4.0-nightly.2016.8.20.258eb28f, 6.4.0-nightly.2016.8.18.258eb28f, 6.4.0-nightly.2016.8.17.258eb28f, 6.4.0-nightly.2016.8.16.258eb28f, 6.4.0-nightly.2016.8.15.258eb28f, 6.4.0-nightly.2016.8.13.258eb28f, 6.4.0-nightly.2016.8.12.258eb28f, 6.4.0-nightly.2016.8.11.258eb28f, 6.4.0-nightly.2016.8.10.258eb28f, 6.3.1, 6.3.1-nightly.2016.8.9.5e6e3bf1, 6.3.1-nightly.2016.8.8.5e6e3bf1, 6.3.1-nightly.2016.8.7.5e6e3bf1, 6.3.1-nightly.2016.8.6.5e6e3bf1, 6.3.1-nightly.2016.8.5.5e6e3bf1, 6.3.1-nightly.2016.8.4.5e6e3bf1, 6.3.1-nightly.2016.8.2.5e6e3bf1, 6.3.1-nightly.2016.7.29.83f93b96, 6.3.1-nightly.2016.7.28.83f93b96, 6.3.1-nightly.2016.7.27.83f93b96, 6.3.1-nightly.2016.7.26.83f93b96, 6.3.1-nightly.2016.7.25.83f93b96, 6.3.1-nightly.2016.7.24.83f93b96, 6.3.1-nightly.2016.7.23.83f93b96, 6.3.1-nightly.2016.7.20.83f93b96, 6.3.1-nightly.2016.7.18.83f93b96, 6.3.1-nightly.2016.7.17.83f93b96, 6.3.1-nightly.2016.7.16.83f93b96, 6.3.1-nightly.2016.7.15.83f93b96, 6.3.1-nightly.2016.7.14.83f93b96, 6.3.0, 6.2.1-nightly.2016.7.12.64e11522, 6.2.1-nightly.2016.7.10.64e11522, 6.2.1-nightly.2016.7.8.64e11522, 6.2.1-nightly.2016.7.7.64e11522, 6.2.1-nightly.2016.7.6.64e11522, 6.2.1-nightly.2016.7.5.64e11522, 6.2.1-nightly.2016.7.4.64e11522, 6.2.1-nightly.2016.7.3.64e11522, 6.2.1-nightly.2016.7.2.64e11522, 6.2.1-nightly.2016.7.1.64e11522, 6.2.1-nightly.2016.6.30.64e11522, 6.2.1-nightly.2016.6.29.64e11522, 6.2.1-nightly.2016.6.28.486bdab5, 6.2.1-nightly.2016.6.27.486bdab5, 6.2.1-nightly.2016.6.26.486bdab5, 6.2.1-nightly.2016.6.24.486bdab5, 6.2.1-nightly.2016.6.23.486bdab5, 6.2.1-nightly.2016.6.22.486bdab5, 6.2.1-nightly.2016.6.21.486bdab5, 6.2.1-nightly.2016.6.20.486bdab5, 6.2.1-nightly.2016.6.18.486bdab5, 6.2.1-nightly.2016.6.17.486bdab5, 6.2.1-nightly.2016.6.16.486bdab5, 6.2.1-nightly.2016.6.14.486bdab5, 6.2.1-nightly.2016.6.13.486bdab5, 6.2.1-nightly.2016.6.12.486bdab5, 6.2.1-nightly.2016.6.10.486bdab5, 6.2.1-nightly.2016.6.8.486bdab5, 6.2.1-nightly.2016.6.7.486bdab5, 6.2.1-nightly.2016.6.6.189f41a4, 6.2.1-nightly.2016.6.5.189f41a4, 6.2.1-nightly.2016.6.4.189f41a4, 6.2.1-nightly.2016.6.3.189f41a4, 6.2.1-nightly.2016.6.2.189f41a4, 6.2.1-nightly.2016.6.1.189f41a4, 6.2.1-nightly.2016.5.31.189f41a4, 6.2.1-nightly.2016.5.30.189f41a4, 6.2.1-nightly.2016.5.28.189f41a4, 6.2.1-nightly.2016.5.27.189f41a4, 6.2.1-nightly.2016.5.26.189f41a4, 6.2.1-nightly.2016.5.25.189f41a4, 6.2.1-nightly.2016.5.24.189f41a4, 6.2.1-nightly.2016.5.23.6e87c71a, 6.2.1-nightly.2016.5.22.254844d7, 6.2.1-nightly.2016.5.21.254844d7, 6.2.1-nightly.2016.5.20.254844d7, 6.2.1-dev, 6.2.0, 6.2.0-nightly.2016.5.13, 6.2.0-nightly.2016.5.12, 6.2.0-nightly.2016.5.11, 6.1.1, 6.1.0, 6.0.0, 5.4.1, 5.4.0, 5.3.3, 5.3.1, 5.2.0, 5.1.1, 5.0.0, 4.3.1, 4.3.0, 4.2.0, 4.1.3-nightly.2014.10.21, 4.1.2, 4.1.1, 4.1.0, 4.0.1, 4.0.0, 3.6.3-0.2.13, 3.6.3-0.2.12, 3.6.3-0.2.11, 3.6.1-0.2.10, 3.6.0-0.2.9, 3.6.0-0.2.8, 3.5.0-0.2.7, 3.5.0-0.2.6, 3.5.0-0.2.4, 3.5.0-0.2.3, 3.5.0-0.2.2, 3.5.0-0.2.1, 3.5.0-0.2.0, 3.4.1-0.1.0, 3.4.0-0.1.3, 3.4.0-0.1.2, 3.4.0-0.1.1, 3.4.0-0.1.0, 3.3.1-0.4.2, 3.3.1-0.4.1, 3.3.1-0.3.1, 3.3.1-0.3.0, 3.3.1-0.1.2, 3.3.0-rc.1, 3.3.0-0.1.1, 3.2.0-rc.1, 3.2.0-0.4.0, 3.2.0-0.3.0, 3.2.0-0.2.0, 3.2.0-0.1.0, 3.1.0-0.2.0, 3.1.0-0.1.0, 3.0.10, 3.0.9, 3.0.8, 3.0.7, 3.0.6, 3.0.5, 3.0.4, 3.0.3, 3.0.2, 3.0.1, 3.0.0, 3.0.0-rc1-3, 3.0.0-rc1-1, 3.0.0-rc1, 2.9.7, 2.9.6, 2.9.5, 2.9.4, 2.9.3, 2.9.2, 2.9.1, 2.9.0, 2.9.0-rc1, 2.8.25, 2.8.24, 2.8.23, 2.8.22, 2.8.21, 2.8.20, 2.8.19, 2.8.18, 2.8.17, 2.8.16, 2.8.15, 2.8.14, 2.8.13, 2.8.12, 2.8.11, 2.8.10, 2.8.9, 2.8.8, 2.8.7, 2.8.6, 2.8.5, 2.8.4, 2.8.3, 2.8.2, 2.8.1, 2.8.0, 2.7.4, 2.7.3, 2.7.2, 2.7.1-rc.1, 2.7.0-rc.1, 2.6.2, 2.6.1, 2.6.0, 2.5.5, 2.5.4, 2.5.3, 2.5.2, 2.5.0, 2.4.10, 2.4.9, 2.4.8, 2.4.7, 2.4.6, 2.4.5, 2.4.4, 2.4.3, 2.4.2, 2.4.1, 2.4.0, 2.3.6, 2.3.5, 2.3.3, 2.3.2, 2.3.1, 2.3.0, 2.2.0, 0.1.14, 0.1.13, 0.1.12, 0.1.11, 0.1.10, 0.1.9, 0.1.8, 0.1.7, 0.1.6, 0.1.5, 0.1.4, 0.1.3, 0.1.2, 0.1.1, 0.1.0, 0.0.9, 0.0.8, 0.0.7, 0.0.6, 0.0.5, 0.0.4, 0.0.3, 0.0.2, 0.0.1, 0.0.0-fake
25 silly fetchPackageMetaData
25 silly fetchPackageMetaData     at pickVersionFromRegistryDocument (/usr/local/lib/node_modules/npm/lib/fetch-package-metadata.js:178:16)
25 silly fetchPackageMetaData     at /usr/local/lib/node_modules/npm/node_modules/iferr/index.js:13:50
25 silly fetchPackageMetaData     at /usr/local/lib/node_modules/npm/lib/utils/pulse-till-done.js:20:8
25 silly fetchPackageMetaData     at saved (/usr/local/lib/node_modules/npm/lib/cache/caching-client.js:174:7)
25 silly fetchPackageMetaData     at /usr/local/lib/node_modules/npm/node_modules/graceful-fs/polyfills.js:210:7
25 silly fetchPackageMetaData     at FSReqWrap.oncomplete (fs.js:82:15)
25 silly fetchPackageMetaData  error for cordova@3.9.2 [Error: No compatible version found: cordova@3.9.2
25 silly fetchPackageMetaData Valid install targets:
25 silly fetchPackageMetaData 6.4.0-nightly.2016.9.13.ddd828f4, 6.4.0-nightly.2016.9.12.ddd828f4, 6.4.0-nightly.2016.9.11.ddd828f4, 6.4.0-nightly.2016.9.10.ddd828f4, 6.4.0-nightly.2016.9.7.ddd828f4, 6.4.0-nightly.2016.9.5.ddd828f4, 6.4.0-nightly.2016.9.4.ddd828f4, 6.4.0-nightly.2016.9.3.ddd828f4, 6.4.0-nightly.2016.9.2.4935f1a5, 6.4.0-nightly.2016.9.1.4935f1a5, 6.4.0-nightly.2016.8.31.4935f1a5, 6.4.0-nightly.2016.8.30.4935f1a5, 6.4.0-nightly.2016.8.29.4935f1a5, 6.4.0-nightly.2016.8.28.4935f1a5, 6.4.0-nightly.2016.8.27.4935f1a5, 6.4.0-nightly.2016.8.26.4935f1a5, 6.4.0-nightly.2016.8.25.4935f1a5, 6.4.0-nightly.2016.8.24.4935f1a5, 6.4.0-nightly.2016.8.23.4935f1a5, 6.4.0-nightly.2016.8.22.258eb28f, 6.4.0-nightly.2016.8.21.258eb28f, 6.4.0-nightly.2016.8.20.258eb28f, 6.4.0-nightly.2016.8.18.258eb28f, 6.4.0-nightly.2016.8.17.258eb28f, 6.4.0-nightly.2016.8.16.258eb28f, 6.4.0-nightly.2016.8.15.258eb28f, 6.4.0-nightly.2016.8.13.258eb28f, 6.4.0-nightly.2016.8.12.258eb28f, 6.4.0-nightly.2016.8.11.258eb28f, 6.4.0-nightly.2016.8.10.258eb28f, 6.3.1, 6.3.1-nightly.2016.8.9.5e6e3bf1, 6.3.1-nightly.2016.8.8.5e6e3bf1, 6.3.1-nightly.2016.8.7.5e6e3bf1, 6.3.1-nightly.2016.8.6.5e6e3bf1, 6.3.1-nightly.2016.8.5.5e6e3bf1, 6.3.1-nightly.2016.8.4.5e6e3bf1, 6.3.1-nightly.2016.8.2.5e6e3bf1, 6.3.1-nightly.2016.7.29.83f93b96, 6.3.1-nightly.2016.7.28.83f93b96, 6.3.1-nightly.2016.7.27.83f93b96, 6.3.1-nightly.2016.7.26.83f93b96, 6.3.1-nightly.2016.7.25.83f93b96, 6.3.1-nightly.2016.7.24.83f93b96, 6.3.1-nightly.2016.7.23.83f93b96, 6.3.1-nightly.2016.7.20.83f93b96, 6.3.1-nightly.2016.7.18.83f93b96, 6.3.1-nightly.2016.7.17.83f93b96, 6.3.1-nightly.2016.7.16.83f93b96, 6.3.1-nightly.2016.7.15.83f93b96, 6.3.1-nightly.2016.7.14.83f93b96, 6.3.0, 6.2.1-nightly.2016.7.12.64e11522, 6.2.1-nightly.2016.7.10.64e11522, 6.2.1-nightly.2016.7.8.64e11522, 6.2.1-nightly.2016.7.7.64e11522, 6.2.1-nightly.2016.7.6.64e11522, 6.2.1-nightly.2016.7.5.64e11522, 6.2.1-nightly.2016.7.4.64e11522, 6.2.1-nightly.2016.7.3.64e11522, 6.2.1-nightly.2016.7.2.64e11522, 6.2.1-nightly.2016.7.1.64e11522, 6.2.1-nightly.2016.6.30.64e11522, 6.2.1-nightly.2016.6.29.64e11522, 6.2.1-nightly.2016.6.28.486bdab5, 6.2.1-nightly.2016.6.27.486bdab5, 6.2.1-nightly.2016.6.26.486bdab5, 6.2.1-nightly.2016.6.24.486bdab5, 6.2.1-nightly.2016.6.23.486bdab5, 6.2.1-nightly.2016.6.22.486bdab5, 6.2.1-nightly.2016.6.21.486bdab5, 6.2.1-nightly.2016.6.20.486bdab5, 6.2.1-nightly.2016.6.18.486bdab5, 6.2.1-nightly.2016.6.17.486bdab5, 6.2.1-nightly.2016.6.16.486bdab5, 6.2.1-nightly.2016.6.14.486bdab5, 6.2.1-nightly.2016.6.13.486bdab5, 6.2.1-nightly.2016.6.12.486bdab5, 6.2.1-nightly.2016.6.10.486bdab5, 6.2.1-nightly.2016.6.8.486bdab5, 6.2.1-nightly.2016.6.7.486bdab5, 6.2.1-nightly.2016.6.6.189f41a4, 6.2.1-nightly.2016.6.5.189f41a4, 6.2.1-nightly.2016.6.4.189f41a4, 6.2.1-nightly.2016.6.3.189f41a4, 6.2.1-nightly.2016.6.2.189f41a4, 6.2.1-nightly.2016.6.1.189f41a4, 6.2.1-nightly.2016.5.31.189f41a4, 6.2.1-nightly.2016.5.30.189f41a4, 6.2.1-nightly.2016.5.28.189f41a4, 6.2.1-nightly.2016.5.27.189f41a4, 6.2.1-nightly.2016.5.26.189f41a4, 6.2.1-nightly.2016.5.25.189f41a4, 6.2.1-nightly.2016.5.24.189f41a4, 6.2.1-nightly.2016.5.23.6e87c71a, 6.2.1-nightly.2016.5.22.254844d7, 6.2.1-nightly.2016.5.21.254844d7, 6.2.1-nightly.2016.5.20.254844d7, 6.2.1-dev, 6.2.0, 6.2.0-nightly.2016.5.13, 6.2.0-nightly.2016.5.12, 6.2.0-nightly.2016.5.11, 6.1.1, 6.1.0, 6.0.0, 5.4.1, 5.4.0, 5.3.3, 5.3.1, 5.2.0, 5.1.1, 5.0.0, 4.3.1, 4.3.0, 4.2.0, 4.1.3-nightly.2014.10.21, 4.1.2, 4.1.1, 4.1.0, 4.0.1, 4.0.0, 3.6.3-0.2.13, 3.6.3-0.2.12, 3.6.3-0.2.11, 3.6.1-0.2.10, 3.6.0-0.2.9, 3.6.0-0.2.8, 3.5.0-0.2.7, 3.5.0-0.2.6, 3.5.0-0.2.4, 3.5.0-0.2.3, 3.5.0-0.2.2, 3.5.0-0.2.1, 3.5.0-0.2.0, 3.4.1-0.1.0, 3.4.0-0.1.3, 3.4.0-0.1.2, 3.4.0-0.1.1, 3.4.0-0.1.0, 3.3.1-0.4.2, 3.3.1-0.4.1, 3.3.1-0.3.1, 3.3.1-0.3.0, 3.3.1-0.1.2, 3.3.0-rc.1, 3.3.0-0.1.1, 3.2.0-rc.1, 3.2.0-0.4.0, 3.2.0-0.3.0, 3.2.0-0.2.0, 3.2.0-0.1.0, 3.1.0-0.2.0, 3.1.0-0.1.0, 3.0.10, 3.0.9, 3.0.8, 3.0.7, 3.0.6, 3.0.5, 3.0.4, 3.0.3, 3.0.2, 3.0.1, 3.0.0, 3.0.0-rc1-3, 3.0.0-rc1-1, 3.0.0-rc1, 2.9.7, 2.9.6, 2.9.5, 2.9.4, 2.9.3, 2.9.2, 2.9.1, 2.9.0, 2.9.0-rc1, 2.8.25, 2.8.24, 2.8.23, 2.8.22, 2.8.21, 2.8.20, 2.8.19, 2.8.18, 2.8.17, 2.8.16, 2.8.15, 2.8.14, 2.8.13, 2.8.12, 2.8.11, 2.8.10, 2.8.9, 2.8.8, 2.8.7, 2.8.6, 2.8.5, 2.8.4, 2.8.3, 2.8.2, 2.8.1, 2.8.0, 2.7.4, 2.7.3, 2.7.2, 2.7.1-rc.1, 2.7.0-rc.1, 2.6.2, 2.6.1, 2.6.0, 2.5.5, 2.5.4, 2.5.3, 2.5.2, 2.5.0, 2.4.10, 2.4.9, 2.4.8, 2.4.7, 2.4.6, 2.4.5, 2.4.4, 2.4.3, 2.4.2, 2.4.1, 2.4.0, 2.3.6, 2.3.5, 2.3.3, 2.3.2, 2.3.1, 2.3.0, 2.2.0, 0.1.14, 0.1.13, 0.1.12, 0.1.11, 0.1.10, 0.1.9, 0.1.8, 0.1.7, 0.1.6, 0.1.5, 0.1.4, 0.1.3, 0.1.2, 0.1.1, 0.1.0, 0.0.9, 0.0.8, 0.0.7, 0.0.6, 0.0.5, 0.0.4, 0.0.3, 0.0.2, 0.0.1, 0.0.0-fake
25 silly fetchPackageMetaData ]
26 silly rollbackFailedOptional Starting
27 silly rollbackFailedOptional Finishing
28 silly runTopLevelLifecycles Starting
29 silly runTopLevelLifecycles Finishing
30 silly install printInstalled
31 verbose stack Error: No compatible version found: cordova@3.9.2
31 verbose stack Valid install targets:
31 verbose stack 6.4.0-nightly.2016.9.13.ddd828f4, 6.4.0-nightly.2016.9.12.ddd828f4, 6.4.0-nightly.2016.9.11.ddd828f4, 6.4.0-nightly.2016.9.10.ddd828f4, 6.4.0-nightly.2016.9.7.ddd828f4, 6.4.0-nightly.2016.9.5.ddd828f4, 6.4.0-nightly.2016.9.4.ddd828f4, 6.4.0-nightly.2016.9.3.ddd828f4, 6.4.0-nightly.2016.9.2.4935f1a5, 6.4.0-nightly.2016.9.1.4935f1a5, 6.4.0-nightly.2016.8.31.4935f1a5, 6.4.0-nightly.2016.8.30.4935f1a5, 6.4.0-nightly.2016.8.29.4935f1a5, 6.4.0-nightly.2016.8.28.4935f1a5, 6.4.0-nightly.2016.8.27.4935f1a5, 6.4.0-nightly.2016.8.26.4935f1a5, 6.4.0-nightly.2016.8.25.4935f1a5, 6.4.0-nightly.2016.8.24.4935f1a5, 6.4.0-nightly.2016.8.23.4935f1a5, 6.4.0-nightly.2016.8.22.258eb28f, 6.4.0-nightly.2016.8.21.258eb28f, 6.4.0-nightly.2016.8.20.258eb28f, 6.4.0-nightly.2016.8.18.258eb28f, 6.4.0-nightly.2016.8.17.258eb28f, 6.4.0-nightly.2016.8.16.258eb28f, 6.4.0-nightly.2016.8.15.258eb28f, 6.4.0-nightly.2016.8.13.258eb28f, 6.4.0-nightly.2016.8.12.258eb28f, 6.4.0-nightly.2016.8.11.258eb28f, 6.4.0-nightly.2016.8.10.258eb28f, 6.3.1, 6.3.1-nightly.2016.8.9.5e6e3bf1, 6.3.1-nightly.2016.8.8.5e6e3bf1, 6.3.1-nightly.2016.8.7.5e6e3bf1, 6.3.1-nightly.2016.8.6.5e6e3bf1, 6.3.1-nightly.2016.8.5.5e6e3bf1, 6.3.1-nightly.2016.8.4.5e6e3bf1, 6.3.1-nightly.2016.8.2.5e6e3bf1, 6.3.1-nightly.2016.7.29.83f93b96, 6.3.1-nightly.2016.7.28.83f93b96, 6.3.1-nightly.2016.7.27.83f93b96, 6.3.1-nightly.2016.7.26.83f93b96, 6.3.1-nightly.2016.7.25.83f93b96, 6.3.1-nightly.2016.7.24.83f93b96, 6.3.1-nightly.2016.7.23.83f93b96, 6.3.1-nightly.2016.7.20.83f93b96, 6.3.1-nightly.2016.7.18.83f93b96, 6.3.1-nightly.2016.7.17.83f93b96, 6.3.1-nightly.2016.7.16.83f93b96, 6.3.1-nightly.2016.7.15.83f93b96, 6.3.1-nightly.2016.7.14.83f93b96, 6.3.0, 6.2.1-nightly.2016.7.12.64e11522, 6.2.1-nightly.2016.7.10.64e11522, 6.2.1-nightly.2016.7.8.64e11522, 6.2.1-nightly.2016.7.7.64e11522, 6.2.1-nightly.2016.7.6.64e11522, 6.2.1-nightly.2016.7.5.64e11522, 6.2.1-nightly.2016.7.4.64e11522, 6.2.1-nightly.2016.7.3.64e11522, 6.2.1-nightly.2016.7.2.64e11522, 6.2.1-nightly.2016.7.1.64e11522, 6.2.1-nightly.2016.6.30.64e11522, 6.2.1-nightly.2016.6.29.64e11522, 6.2.1-nightly.2016.6.28.486bdab5, 6.2.1-nightly.2016.6.27.486bdab5, 6.2.1-nightly.2016.6.26.486bdab5, 6.2.1-nightly.2016.6.24.486bdab5, 6.2.1-nightly.2016.6.23.486bdab5, 6.2.1-nightly.2016.6.22.486bdab5, 6.2.1-nightly.2016.6.21.486bdab5, 6.2.1-nightly.2016.6.20.486bdab5, 6.2.1-nightly.2016.6.18.486bdab5, 6.2.1-nightly.2016.6.17.486bdab5, 6.2.1-nightly.2016.6.16.486bdab5, 6.2.1-nightly.2016.6.14.486bdab5, 6.2.1-nightly.2016.6.13.486bdab5, 6.2.1-nightly.2016.6.12.486bdab5, 6.2.1-nightly.2016.6.10.486bdab5, 6.2.1-nightly.2016.6.8.486bdab5, 6.2.1-nightly.2016.6.7.486bdab5, 6.2.1-nightly.2016.6.6.189f41a4, 6.2.1-nightly.2016.6.5.189f41a4, 6.2.1-nightly.2016.6.4.189f41a4, 6.2.1-nightly.2016.6.3.189f41a4, 6.2.1-nightly.2016.6.2.189f41a4, 6.2.1-nightly.2016.6.1.189f41a4, 6.2.1-nightly.2016.5.31.189f41a4, 6.2.1-nightly.2016.5.30.189f41a4, 6.2.1-nightly.2016.5.28.189f41a4, 6.2.1-nightly.2016.5.27.189f41a4, 6.2.1-nightly.2016.5.26.189f41a4, 6.2.1-nightly.2016.5.25.189f41a4, 6.2.1-nightly.2016.5.24.189f41a4, 6.2.1-nightly.2016.5.23.6e87c71a, 6.2.1-nightly.2016.5.22.254844d7, 6.2.1-nightly.2016.5.21.254844d7, 6.2.1-nightly.2016.5.20.254844d7, 6.2.1-dev, 6.2.0, 6.2.0-nightly.2016.5.13, 6.2.0-nightly.2016.5.12, 6.2.0-nightly.2016.5.11, 6.1.1, 6.1.0, 6.0.0, 5.4.1, 5.4.0, 5.3.3, 5.3.1, 5.2.0, 5.1.1, 5.0.0, 4.3.1, 4.3.0, 4.2.0, 4.1.3-nightly.2014.10.21, 4.1.2, 4.1.1, 4.1.0, 4.0.1, 4.0.0, 3.6.3-0.2.13, 3.6.3-0.2.12, 3.6.3-0.2.11, 3.6.1-0.2.10, 3.6.0-0.2.9, 3.6.0-0.2.8, 3.5.0-0.2.7, 3.5.0-0.2.6, 3.5.0-0.2.4, 3.5.0-0.2.3, 3.5.0-0.2.2, 3.5.0-0.2.1, 3.5.0-0.2.0, 3.4.1-0.1.0, 3.4.0-0.1.3, 3.4.0-0.1.2, 3.4.0-0.1.1, 3.4.0-0.1.0, 3.3.1-0.4.2, 3.3.1-0.4.1, 3.3.1-0.3.1, 3.3.1-0.3.0, 3.3.1-0.1.2, 3.3.0-rc.1, 3.3.0-0.1.1, 3.2.0-rc.1, 3.2.0-0.4.0, 3.2.0-0.3.0, 3.2.0-0.2.0, 3.2.0-0.1.0, 3.1.0-0.2.0, 3.1.0-0.1.0, 3.0.10, 3.0.9, 3.0.8, 3.0.7, 3.0.6, 3.0.5, 3.0.4, 3.0.3, 3.0.2, 3.0.1, 3.0.0, 3.0.0-rc1-3, 3.0.0-rc1-1, 3.0.0-rc1, 2.9.7, 2.9.6, 2.9.5, 2.9.4, 2.9.3, 2.9.2, 2.9.1, 2.9.0, 2.9.0-rc1, 2.8.25, 2.8.24, 2.8.23, 2.8.22, 2.8.21, 2.8.20, 2.8.19, 2.8.18, 2.8.17, 2.8.16, 2.8.15, 2.8.14, 2.8.13, 2.8.12, 2.8.11, 2.8.10, 2.8.9, 2.8.8, 2.8.7, 2.8.6, 2.8.5, 2.8.4, 2.8.3, 2.8.2, 2.8.1, 2.8.0, 2.7.4, 2.7.3, 2.7.2, 2.7.1-rc.1, 2.7.0-rc.1, 2.6.2, 2.6.1, 2.6.0, 2.5.5, 2.5.4, 2.5.3, 2.5.2, 2.5.0, 2.4.10, 2.4.9, 2.4.8, 2.4.7, 2.4.6, 2.4.5, 2.4.4, 2.4.3, 2.4.2, 2.4.1, 2.4.0, 2.3.6, 2.3.5, 2.3.3, 2.3.2, 2.3.1, 2.3.0, 2.2.0, 0.1.14, 0.1.13, 0.1.12, 0.1.11, 0.1.10, 0.1.9, 0.1.8, 0.1.7, 0.1.6, 0.1.5, 0.1.4, 0.1.3, 0.1.2, 0.1.1, 0.1.0, 0.0.9, 0.0.8, 0.0.7, 0.0.6, 0.0.5, 0.0.4, 0.0.3, 0.0.2, 0.0.1, 0.0.0-fake
31 verbose stack
31 verbose stack     at pickVersionFromRegistryDocument (/usr/local/lib/node_modules/npm/lib/fetch-package-metadata.js:178:16)
31 verbose stack     at /usr/local/lib/node_modules/npm/node_modules/iferr/index.js:13:50
31 verbose stack     at /usr/local/lib/node_modules/npm/lib/utils/pulse-till-done.js:20:8
31 verbose stack     at saved (/usr/local/lib/node_modules/npm/lib/cache/caching-client.js:174:7)
31 verbose stack     at /usr/local/lib/node_modules/npm/node_modules/graceful-fs/polyfills.js:210:7
31 verbose stack     at FSReqWrap.oncomplete (fs.js:82:15)
32 verbose cwd /Users/iRoan/Documents/Mylan/Mylan
33 error Darwin 15.2.0
34 error argv "/usr/local/bin/node" "/usr/local/bin/npm" "install" "-g" "cordova@3.9.2"
35 error node v5.7.0
36 error npm  v3.10.6
37 error No compatible version found: cordova@3.9.2
37 error Valid install targets:
37 error 6.4.0-nightly.2016.9.13.ddd828f4, 6.4.0-nightly.2016.9.12.ddd828f4, 6.4.0-nightly.2016.9.11.ddd828f4, 6.4.0-nightly.2016.9.10.ddd828f4, 6.4.0-nightly.2016.9.7.ddd828f4, 6.4.0-nightly.2016.9.5.ddd828f4, 6.4.0-nightly.2016.9.4.ddd828f4, 6.4.0-nightly.2016.9.3.ddd828f4, 6.4.0-nightly.2016.9.2.4935f1a5, 6.4.0-nightly.2016.9.1.4935f1a5, 6.4.0-nightly.2016.8.31.4935f1a5, 6.4.0-nightly.2016.8.30.4935f1a5, 6.4.0-nightly.2016.8.29.4935f1a5, 6.4.0-nightly.2016.8.28.4935f1a5, 6.4.0-nightly.2016.8.27.4935f1a5, 6.4.0-nightly.2016.8.26.4935f1a5, 6.4.0-nightly.2016.8.25.4935f1a5, 6.4.0-nightly.2016.8.24.4935f1a5, 6.4.0-nightly.2016.8.23.4935f1a5, 6.4.0-nightly.2016.8.22.258eb28f, 6.4.0-nightly.2016.8.21.258eb28f, 6.4.0-nightly.2016.8.20.258eb28f, 6.4.0-nightly.2016.8.18.258eb28f, 6.4.0-nightly.2016.8.17.258eb28f, 6.4.0-nightly.2016.8.16.258eb28f, 6.4.0-nightly.2016.8.15.258eb28f, 6.4.0-nightly.2016.8.13.258eb28f, 6.4.0-nightly.2016.8.12.258eb28f, 6.4.0-nightly.2016.8.11.258eb28f, 6.4.0-nightly.2016.8.10.258eb28f, 6.3.1, 6.3.1-nightly.2016.8.9.5e6e3bf1, 6.3.1-nightly.2016.8.8.5e6e3bf1, 6.3.1-nightly.2016.8.7.5e6e3bf1, 6.3.1-nightly.2016.8.6.5e6e3bf1, 6.3.1-nightly.2016.8.5.5e6e3bf1, 6.3.1-nightly.2016.8.4.5e6e3bf1, 6.3.1-nightly.2016.8.2.5e6e3bf1, 6.3.1-nightly.2016.7.29.83f93b96, 6.3.1-nightly.2016.7.28.83f93b96, 6.3.1-nightly.2016.7.27.83f93b96, 6.3.1-nightly.2016.7.26.83f93b96, 6.3.1-nightly.2016.7.25.83f93b96, 6.3.1-nightly.2016.7.24.83f93b96, 6.3.1-nightly.2016.7.23.83f93b96, 6.3.1-nightly.2016.7.20.83f93b96, 6.3.1-nightly.2016.7.18.83f93b96, 6.3.1-nightly.2016.7.17.83f93b96, 6.3.1-nightly.2016.7.16.83f93b96, 6.3.1-nightly.2016.7.15.83f93b96, 6.3.1-nightly.2016.7.14.83f93b96, 6.3.0, 6.2.1-nightly.2016.7.12.64e11522, 6.2.1-nightly.2016.7.10.64e11522, 6.2.1-nightly.2016.7.8.64e11522, 6.2.1-nightly.2016.7.7.64e11522, 6.2.1-nightly.2016.7.6.64e11522, 6.2.1-nightly.2016.7.5.64e11522, 6.2.1-nightly.2016.7.4.64e11522, 6.2.1-nightly.2016.7.3.64e11522, 6.2.1-nightly.2016.7.2.64e11522, 6.2.1-nightly.2016.7.1.64e11522, 6.2.1-nightly.2016.6.30.64e11522, 6.2.1-nightly.2016.6.29.64e11522, 6.2.1-nightly.2016.6.28.486bdab5, 6.2.1-nightly.2016.6.27.486bdab5, 6.2.1-nightly.2016.6.26.486bdab5, 6.2.1-nightly.2016.6.24.486bdab5, 6.2.1-nightly.2016.6.23.486bdab5, 6.2.1-nightly.2016.6.22.486bdab5, 6.2.1-nightly.2016.6.21.486bdab5, 6.2.1-nightly.2016.6.20.486bdab5, 6.2.1-nightly.2016.6.18.486bdab5, 6.2.1-nightly.2016.6.17.486bdab5, 6.2.1-nightly.2016.6.16.486bdab5, 6.2.1-nightly.2016.6.14.486bdab5, 6.2.1-nightly.2016.6.13.486bdab5, 6.2.1-nightly.2016.6.12.486bdab5, 6.2.1-nightly.2016.6.10.486bdab5, 6.2.1-nightly.2016.6.8.486bdab5, 6.2.1-nightly.2016.6.7.486bdab5, 6.2.1-nightly.2016.6.6.189f41a4, 6.2.1-nightly.2016.6.5.189f41a4, 6.2.1-nightly.2016.6.4.189f41a4, 6.2.1-nightly.2016.6.3.189f41a4, 6.2.1-nightly.2016.6.2.189f41a4, 6.2.1-nightly.2016.6.1.189f41a4, 6.2.1-nightly.2016.5.31.189f41a4, 6.2.1-nightly.2016.5.30.189f41a4, 6.2.1-nightly.2016.5.28.189f41a4, 6.2.1-nightly.2016.5.27.189f41a4, 6.2.1-nightly.2016.5.26.189f41a4, 6.2.1-nightly.2016.5.25.189f41a4, 6.2.1-nightly.2016.5.24.189f41a4, 6.2.1-nightly.2016.5.23.6e87c71a, 6.2.1-nightly.2016.5.22.254844d7, 6.2.1-nightly.2016.5.21.254844d7, 6.2.1-nightly.2016.5.20.254844d7, 6.2.1-dev, 6.2.0, 6.2.0-nightly.2016.5.13, 6.2.0-nightly.2016.5.12, 6.2.0-nightly.2016.5.11, 6.1.1, 6.1.0, 6.0.0, 5.4.1, 5.4.0, 5.3.3, 5.3.1, 5.2.0, 5.1.1, 5.0.0, 4.3.1, 4.3.0, 4.2.0, 4.1.3-nightly.2014.10.21, 4.1.2, 4.1.1, 4.1.0, 4.0.1, 4.0.0, 3.6.3-0.2.13, 3.6.3-0.2.12, 3.6.3-0.2.11, 3.6.1-0.2.10, 3.6.0-0.2.9, 3.6.0-0.2.8, 3.5.0-0.2.7, 3.5.0-0.2.6, 3.5.0-0.2.4, 3.5.0-0.2.3, 3.5.0-0.2.2, 3.5.0-0.2.1, 3.5.0-0.2.0, 3.4.1-0.1.0, 3.4.0-0.1.3, 3.4.0-0.1.2, 3.4.0-0.1.1, 3.4.0-0.1.0, 3.3.1-0.4.2, 3.3.1-0.4.1, 3.3.1-0.3.1, 3.3.1-0.3.0, 3.3.1-0.1.2, 3.3.0-rc.1, 3.3.0-0.1.1, 3.2.0-rc.1, 3.2.0-0.4.0, 3.2.0-0.3.0, 3.2.0-0.2.0, 3.2.0-0.1.0, 3.1.0-0.2.0, 3.1.0-0.1.0, 3.0.10, 3.0.9, 3.0.8, 3.0.7, 3.0.6, 3.0.5, 3.0.4, 3.0.3, 3.0.2, 3.0.1, 3.0.0, 3.0.0-rc1-3, 3.0.0-rc1-1, 3.0.0-rc1, 2.9.7, 2.9.6, 2.9.5, 2.9.4, 2.9.3, 2.9.2, 2.9.1, 2.9.0, 2.9.0-rc1, 2.8.25, 2.8.24, 2.8.23, 2.8.22, 2.8.21, 2.8.20, 2.8.19, 2.8.18, 2.8.17, 2.8.16, 2.8.15, 2.8.14, 2.8.13, 2.8.12, 2.8.11, 2.8.10, 2.8.9, 2.8.8, 2.8.7, 2.8.6, 2.8.5, 2.8.4, 2.8.3, 2.8.2, 2.8.1, 2.8.0, 2.7.4, 2.7.3, 2.7.2, 2.7.1-rc.1, 2.7.0-rc.1, 2.6.2, 2.6.1, 2.6.0, 2.5.5, 2.5.4, 2.5.3, 2.5.2, 2.5.0, 2.4.10, 2.4.9, 2.4.8, 2.4.7, 2.4.6, 2.4.5, 2.4.4, 2.4.3, 2.4.2, 2.4.1, 2.4.0, 2.3.6, 2.3.5, 2.3.3, 2.3.2, 2.3.1, 2.3.0, 2.2.0, 0.1.14, 0.1.13, 0.1.12, 0.1.11, 0.1.10, 0.1.9, 0.1.8, 0.1.7, 0.1.6, 0.1.5, 0.1.4, 0.1.3, 0.1.2, 0.1.1, 0.1.0, 0.0.9, 0.0.8, 0.0.7, 0.0.6, 0.0.5, 0.0.4, 0.0.3, 0.0.2, 0.0.1, 0.0.0-fake
38 error If you need help, you may report this error at:
38 error     <https://github.com/npm/npm/issues>
39 verbose exit [ 1, true ]
